<?xml version="1.0" encoding="UTF-8"?>
<testng-results ignored="0" total="1" passed="1" failed="0" skipped="0">
  <reporter-output>
  </reporter-output>
  <suite started-at="2021-05-08T09:37:51Z" name="Default suite" finished-at="2021-05-08T09:38:03Z" duration-ms="12498">
    <groups>
    </groups>
    <test started-at="2021-05-08T09:37:51Z" name="Default test" finished-at="2021-05-08T09:38:03Z" duration-ms="12498">
      <class name="com.xndev.testScripts.AnagramTest">
        <test-method is-config="true" signature="configBC()[pri:0, instance:com.xndev.testScripts.AnagramTest@1e81f160]" started-at="2021-05-08T09:37:51Z" name="configBC" finished-at="2021-05-08T09:38:03Z" duration-ms="11935" status="PASS">
          <reporter-output>
          </reporter-output>
        </test-method> <!-- configBC -->
        <test-method signature="checkAnagram()[pri:0, instance:com.xndev.testScripts.AnagramTest@1e81f160]" started-at="2021-05-08T09:38:03Z" name="checkAnagram" finished-at="2021-05-08T09:38:03Z" duration-ms="334" status="PASS">
          <reporter-output>
          </reporter-output>
        </test-method> <!-- checkAnagram -->
        <test-method is-config="true" signature="configAC()[pri:0, instance:com.xndev.testScripts.AnagramTest@1e81f160]" started-at="2021-05-08T09:38:03Z" name="configAC" finished-at="2021-05-08T09:38:03Z" duration-ms="191" status="PASS">
          <reporter-output>
          </reporter-output>
        </test-method> <!-- configAC -->
      </class> <!-- com.xndev.testScripts.AnagramTest -->
    </test> <!-- Default test -->
  </suite> <!-- Default suite -->
</testng-results>
